This is TeX, Version 3.14159 (Web2C 7.3.7) (INITEX)  22 DEC 2003 08:51
**unpack.ins
(./unpack.ins (./ltdirchk.dtx
** Using the existing texsys.cfg
(/usr/share/texmf/tex/latex/config/texsys.cfg)
\openout15 = `texsys.aux'.


./texsys.aux found


\@currdir set to: ./.

) (./docstrip.dtx
Utility: `docstrip' 2.5b <1998/04/28>
English documentation    <1999/03/31>

**********************************************************
* This program converts documented macro-files into fast *
* loadable files by stripping off (nearly) all comments! *
**********************************************************

********************************************************
* No Configuration file found, using default settings. *
********************************************************

) (./ltvers.dtx)
**********************************************
*
* Welcome to the Installation routine of
*
*     LaTeX2e <2001/06/01>
*
* Depending on your machine the installation
* might take a long time --- this is the
* price for being able to run on all platforms.
* So please be patient :-)
*
**********************************************


(./format.ins

Generating file(s) ./latex.ltx ./tracefnt.sty ./flafter.sty ./fleqn.clo ./leqno
.clo 
\openout0 = `./latex.ltx'.


Processing file ltdirchk.dtx (initex,2ekernel,dircheck) -> latex.ltx
Lines  processed: 905
Comments removed: 664
Comments  passed: 1
Codelines passed: 219


Processing file ltplain.dtx (2ekernel) -> latex.ltx
Lines  processed: 1097
Comments removed: 812
Comments  passed: 17
Codelines passed: 250


Processing file ltvers.dtx (2ekernel) -> latex.ltx
File ltvers.dtx ended by \endinput.
Lines  processed: 140
Comments removed: 83
Comments  passed: 1
Codelines passed: 50


Processing file ltdefns.dtx (2ekernel) -> latex.ltx
Lines  processed: 1420
Comments removed: 1106
Comments  passed: 1
Codelines passed: 300


Processing file ltalloc.dtx (2ekernel) -> latex.ltx
File ltalloc.dtx ended by \endinput.
Lines  processed: 169
Comments removed: 130
Comments  passed: 1
Codelines passed: 34


Processing file ltcntrl.dtx (2ekernel) -> latex.ltx
File ltcntrl.dtx ended by \endinput.
Lines  processed: 316
Comments removed: 257
Comments  passed: 1
Codelines passed: 54


Processing file lterror.dtx (2ekernel) -> latex.ltx
File lterror.dtx ended by \endinput.
Lines  processed: 814
Comments removed: 513
Comments  passed: 1
Codelines passed: 222


Processing file ltpar.dtx (2ekernel) -> latex.ltx
File ltpar.dtx ended by \endinput.
Lines  processed: 188
Comments removed: 160
Comments  passed: 1
Codelines passed: 23


Processing file ltspace.dtx (2ekernel) -> latex.ltx
File ltspace.dtx ended by \endinput.
Lines  processed: 954
Comments removed: 738
Comments  passed: 1
Codelines passed: 211


Processing file ltlogos.dtx (2ekernel) -> latex.ltx
File ltlogos.dtx ended by \endinput.
Lines  processed: 116
Comments removed: 79
Comments  passed: 1
Codelines passed: 32


Processing file ltfiles.dtx (2ekernel) -> latex.ltx
Lines  processed: 856
Comments removed: 604
Comments  passed: 1
Codelines passed: 242


Processing file ltoutenc.dtx (2ekernel) -> latex.ltx
File ltoutenc.dtx ended by \endinput.
Lines  processed: 2812
Comments removed: 1836
Comments  passed: 1
Codelines passed: 939


Processing file ltcounts.dtx (2ekernel) -> latex.ltx
Lines  processed: 428
Comments removed: 344
Comments  passed: 1
Codelines passed: 79


Processing file ltlength.dtx (2ekernel) -> latex.ltx
Lines  processed: 146
Comments removed: 112
Comments  passed: 1
Codelines passed: 29


Processing file ltfssbas.dtx (2ekernel) -> latex.ltx
Lines  processed: 1887
Comments removed: 1395
Comments  passed: 3
Codelines passed: 451

\openout1 = `./tracefnt.sty'.


Processing file ltfsstrc.dtx (2ekernel) -> latex.ltx
                             (package,trace) -> tracefnt.sty
Lines  processed: 1880
Comments removed: 1324
Comments  passed: 3
Codelines passed: 430


Processing file ltfsscmp.dtx (compat,2ekernel) -> latex.ltx
Lines  processed: 408
Comments removed: 257
Comments  passed: 3
Codelines passed: 136


Processing file ltfssdcl.dtx (compat,2ekernel) -> latex.ltx
Lines  processed: 1515
Comments removed: 690
Comments  passed: 3
Codelines passed: 809


Processing file ltfssini.dtx (compat) -> latex.ltx
Lines  processed: 577
Comments removed: 410
Comments  passed: 3
Codelines passed: 154


Processing file ltfntcmd.dtx (2ekernel) -> latex.ltx
File ltfntcmd.dtx ended by \endinput.
Lines  processed: 745
Comments removed: 587
Comments  passed: 17
Codelines passed: 137


Processing file ltpageno.dtx (2ekernel) -> latex.ltx
Lines  processed: 95
Comments removed: 65
Comments  passed: 1
Codelines passed: 25


Processing file ltxref.dtx (2ekernel) -> latex.ltx
Lines  processed: 335
Comments removed: 275
Comments  passed: 1
Codelines passed: 55


Processing file ltmiscen.dtx (2ekernel) -> latex.ltx
Lines  processed: 790
Comments removed: 616
Comments  passed: 1
Codelines passed: 169

\openout1 = `./fleqn.clo'.

\openout2 = `./leqno.clo'.


Processing file ltmath.dtx (2ekernel) -> latex.ltx
                           (fleqn) -> fleqn.clo
                           (leqno) -> leqno.clo
Lines  processed: 990
Comments removed: 613
Comments  passed: 17
Codelines passed: 345


Processing file ltlists.dtx (2ekernel) -> latex.ltx
Lines  processed: 1059
Comments removed: 796
Comments  passed: 1
Codelines passed: 258


Processing file ltboxes.dtx (2ekernel) -> latex.ltx
File ltboxes.dtx ended by \endinput.
Lines  processed: 1164
Comments removed: 852
Comments  passed: 1
Codelines passed: 307


Processing file lttab.dtx (2ekernel) -> latex.ltx
Lines  processed: 1615
Comments removed: 1235
Comments  passed: 1
Codelines passed: 364


Processing file ltpictur.dtx (2ekernel) -> latex.ltx
Lines  processed: 1460
Comments removed: 1053
Comments  passed: 1
Codelines passed: 373


Processing file ltthm.dtx (2ekernel) -> latex.ltx
Lines  processed: 283
Comments removed: 221
Comments  passed: 1
Codelines passed: 57


Processing file ltsect.dtx (2ekernel) -> latex.ltx
Lines  processed: 860
Comments removed: 670
Comments  passed: 1
Codelines passed: 185


Processing file ltfloat.dtx (2ekernel) -> latex.ltx
Lines  processed: 1303
Comments removed: 981
Comments  passed: 1
Codelines passed: 317


Processing file ltidxglo.dtx (2ekernel) -> latex.ltx
Lines  processed: 211
Comments removed: 153
Comments  passed: 1
Codelines passed: 53


Processing file ltbibl.dtx (2ekernel) -> latex.ltx
Lines  processed: 335
Comments removed: 264
Comments  passed: 1
Codelines passed: 66


Processing file ltpage.dtx (2ekernel) -> latex.ltx
Lines  processed: 328
Comments removed: 250
Comments  passed: 1
Codelines passed: 73

\openout1 = `./flafter.sty'.


Processing file ltoutput.dtx (2ekernel) -> latex.ltx
                             (flafter) -> flafter.sty
File ltoutput.dtx ended by \endinput.
Lines  processed: 3932
Comments removed: 2387
Comments  passed: 1
Codelines passed: 1273


Processing file ltclass.dtx (2ekernel) -> latex.ltx
Lines  processed: 1684
Comments removed: 1151
Comments  passed: 1
Codelines passed: 526


Processing file ltfinal.dtx (2ekernel) -> latex.ltx
Lines  processed: 614
Comments removed: 357
Comments  passed: 1
Codelines passed: 252


Generating file(s) ./oldlfont.sty 
\openout0 = `./oldlfont.sty'.


Processing file oldlfont.dtx (package) -> oldlfont.sty
File oldlfont.dtx ended by \endinput.
Lines  processed: 260
Comments removed: 186
Comments  passed: 18
Codelines passed: 45


Generating file(s) ./newlfont.sty 
\openout0 = `./newlfont.sty'.


Processing file newlfont.dtx (package) -> newlfont.sty
File newlfont.dtx ended by \endinput.
Lines  processed: 212
Comments removed: 137
Comments  passed: 18
Codelines passed: 48


Generating file(s) ./hyphen.ltx 
\openout0 = `./hyphen.ltx'.


Processing file lthyphen.dtx (default) -> hyphen.ltx
File lthyphen.dtx ended by \endinput.
Lines  processed: 151
Comments removed: 112
Comments  passed: 15
Codelines passed: 17


Generating file(s) ./fonttext.ltx ./fontmath.ltx ./fonttext.cfg ./fontmath.cfg 
./preload.cfg 
\openout0 = `./fonttext.ltx'.

\openout1 = `./fontmath.ltx'.

\openout2 = `./fonttext.cfg'.

\openout3 = `./fontmath.cfg'.

\openout4 = `./preload.cfg'.


Processing file fontdef.dtx (text) -> fonttext.ltx
                            (math) -> fontmath.ltx
                            (cfgtext) -> fonttext.cfg
                            (cfgmath) -> fontmath.cfg
                            (cfgprel) -> preload.cfg
File fontdef.dtx ended by \endinput.
Lines  processed: 1294
Comments removed: 737
Comments  passed: 34
Codelines passed: 496


Generating file(s) ./preload.ltx 
\openout0 = `./preload.ltx'.


Processing file preload.dtx (preload,cm,xpt,tex) -> preload.ltx
File preload.dtx ended by \endinput.
Lines  processed: 277
Comments removed: 180
Comments  passed: 31
Codelines passed: 26

) (./inputenc.ins
*** Generating input encoding files ***

Generating file(s) ./inputenc.sty ./latin1.def ./latin2.def ./latin3.def ./lati
n4.def ./latin5.def ./latin9.def 
\openout0 = `./inputenc.sty'.

\openout1 = `./latin1.def'.

\openout2 = `./latin2.def'.

\openout3 = `./latin3.def'.

\openout4 = `./latin4.def'.

\openout5 = `./latin5.def'.

\openout6 = `./latin9.def'.


Processing file inputenc.dtx (package) -> inputenc.sty
                             (latin1) -> latin1.def
                             (latin2) -> latin2.def
                             (latin3) -> latin3.def
                             (latin4) -> latin4.def
                             (latin5) -> latin5.def
                             (latin9) -> latin9.def
File inputenc.dtx ended by \endinput.
Lines  processed: 2364
Comments removed: 867
Comments  passed: 15
Codelines passed: 1368


Generating file(s) ./cp850.def ./cp852.def ./cp865.def ./cp437.def ./cp437de.de
f ./decmulti.def 
\openout0 = `./cp850.def'.

\openout1 = `./cp852.def'.

\openout2 = `./cp865.def'.

\openout3 = `./cp437.def'.

\openout4 = `./cp437de.def'.

\openout5 = `./decmulti.def'.


Processing file inputenc.dtx (cp850) -> cp850.def
                             (cp852) -> cp852.def
                             (cp865) -> cp865.def
                             (cp437) -> cp437.def
                             (cp437de) -> cp437de.def
                             (decmulti) -> decmulti.def
File inputenc.dtx ended by \endinput.
Lines  processed: 2364
Comments removed: 867
Comments  passed: 15
Codelines passed: 1368


Generating file(s) ./ascii.def ./applemac.def ./next.def ./ansinew.def ./cp1252
.def ./cp1250.def 
\openout0 = `./ascii.def'.

\openout1 = `./applemac.def'.

\openout2 = `./next.def'.

\openout3 = `./ansinew.def'.

\openout4 = `./cp1252.def'.

\openout5 = `./cp1250.def'.


Processing file inputenc.dtx (ascii) -> ascii.def
                             (applemac) -> applemac.def
                             (next) -> next.def
                             (ansinew) -> ansinew.def
                             (cp1252) -> cp1252.def
                             (cp1250) -> cp1250.def
File inputenc.dtx ended by \endinput.
Lines  processed: 2364
Comments removed: 867
Comments  passed: 15
Codelines passed: 1368

) (./ltoutenc.ins

Generating file(s) ./ot1enc.def ./omsenc.def ./omlenc.def ./t1enc.def ./ot4enc.
def ./ts1enc.def ./textcomp.sty ./fontenc.sty 
\openout0 = `./ot1enc.def'.

\openout1 = `./omsenc.def'.

\openout2 = `./omlenc.def'.

\openout3 = `./t1enc.def'.

\openout4 = `./ot4enc.def'.

\openout5 = `./ts1enc.def'.

\openout6 = `./textcomp.sty'.

\openout7 = `./fontenc.sty'.


Processing file ltoutenc.dtx (OT1) -> ot1enc.def
                             (OMS) -> omsenc.def
                             (OML) -> omlenc.def
                             (T1) -> t1enc.def
                             (OT4) -> ot4enc.def
                             (TS1) -> ts1enc.def
                             (TS1sty) -> textcomp.sty
                             (package) -> fontenc.sty
File ltoutenc.dtx ended by \endinput.
Lines  processed: 2812
Comments removed: 1836
Comments  passed: 1
Codelines passed: 939

) (./classes.ins

Generating file(s) ./article.cls ./report.cls ./book.cls ./size10.clo ./size11.
clo ./size12.clo ./bk10.clo ./bk11.clo ./bk12.clo 
\openout0 = `./article.cls'.

\openout1 = `./report.cls'.

\openout2 = `./book.cls'.

\openout3 = `./size10.clo'.

\openout4 = `./size11.clo'.

\openout5 = `./size12.clo'.

\openout6 = `./bk10.clo'.

\openout7 = `./bk11.clo'.

\openout8 = `./bk12.clo'.


Processing file classes.dtx (article) -> article.cls
                            (report) -> report.cls
                            (book) -> book.cls
                            (10pt) -> size10.clo
                            (11pt) -> size11.clo
                            (12pt) -> size12.clo
                            (10pt,bk) -> bk10.clo
                            (11pt,bk) -> bk11.clo
                            (12pt,bk) -> bk12.clo
File classes.dtx ended by \endinput.
Lines  processed: 4437
Comments removed: 3038
Comments  passed: 15
Codelines passed: 1079

) (./letter.ins
*** Generating letter class file ***

Generating file(s) ./letter.cls 
\openout0 = `./letter.cls'.


Processing file letter.dtx (letter) -> letter.cls
File letter.dtx ended by \endinput.
Lines  processed: 1911
Comments removed: 1478
Comments  passed: 15
Codelines passed: 409

) (./slides.ins
*** Generating slide cmd files and styles ***

Generating file(s) ./slides.cls ./slides.def 
\openout0 = `./slides.cls'.

\openout1 = `./slides.def'.


Processing file slides.dtx (class) -> slides.cls
                           (cmd) -> slides.def
File slides.dtx ended by \endinput.
Lines  processed: 2716
Comments removed: 1776
Comments  passed: 15
Codelines passed: 912

*** Generating default fonts setup file for slides ***
*** Generating .fd files ***

Generating file(s) ./sfonts.def ./ot1lcmss.fd ./ot1lcmtt.fd ./omllcmm.fd ./omsl
cmsy.fd ./omxlcmex.fd ./ullasy.fd 
\openout0 = `./sfonts.def'.

\openout1 = `./ot1lcmss.fd'.

\openout2 = `./ot1lcmtt.fd'.

\openout3 = `./omllcmm.fd'.

\openout4 = `./omslcmsy.fd'.

\openout5 = `./omxlcmex.fd'.

\openout6 = `./ullasy.fd'.


Processing file slifonts.fdd (main) -> sfonts.def
                             (lcmss,fd) -> ot1lcmss.fd
                             (lcmtt,fd) -> ot1lcmtt.fd
                             (lcmm,fd) -> omllcmm.fd
                             (lcmsy,fd) -> omslcmsy.fd
                             (lcmex,fd) -> omxlcmex.fd
                             (llasy,fd) -> ullasy.fd
File slifonts.fdd ended by \endinput.
Lines  processed: 459
Comments removed: 275
Comments  passed: 0
Codelines passed: 103

) (./proc.ins

Generating file(s) ./proc.cls ./proc.sty 
\openout0 = `./proc.cls'.

\openout1 = `./proc.sty'.


Processing file proc.dtx (class) -> proc.cls
                         (style) -> proc.sty
File proc.dtx ended by \endinput.
Lines  processed: 449
Comments removed: 326
Comments  passed: 15
Codelines passed: 93

) (./latexsym.ins

Generating file(s) ./latexsym.sty ./ulasy.fd 
\openout0 = `./latexsym.sty'.

\openout1 = `./ulasy.fd'.


Processing file latexsym.dtx (package) -> latexsym.sty
                             (fd) -> ulasy.fd
File latexsym.dtx ended by \endinput.
Lines  processed: 190
Comments removed: 137
Comments  passed: 0
Codelines passed: 41

) (./cmfonts.ins

Generating file(s) ./ot1cmss.fd ./ot1cmr.fd ./ot1cmtt.fd ./ot1cmvtt.fd ./ot1cmf
ib.fd ./ot1cmfr.fd ./ot1cmdh.fd 
\openout0 = `./ot1cmss.fd'.

\openout1 = `./ot1cmr.fd'.

\openout2 = `./ot1cmtt.fd'.

\openout3 = `./ot1cmvtt.fd'.

\openout4 = `./ot1cmfib.fd'.

\openout5 = `./ot1cmfr.fd'.

\openout6 = `./ot1cmdh.fd'.


Processing file cmfonts.fdd (OT1cmss) -> ot1cmss.fd
                            (OT1cmr) -> ot1cmr.fd
                            (OT1cmtt,nowarn) -> ot1cmtt.fd
                            (OT1cmvtt) -> ot1cmvtt.fd
                            (OT1cmfib) -> ot1cmfib.fd
                            (OT1cmfr) -> ot1cmfr.fd
                            (OT1cmdh) -> ot1cmdh.fd
File cmfonts.fdd ended by \endinput.
Lines  processed: 1289
Comments removed: 550
Comments  passed: 0
Codelines passed: 424


Generating file(s) ./ucmr.fd ./ucmss.fd ./ucmtt.fd ./omlcmm.fd ./omscmsy.fd ./o
mxcmex.fd ./omlcmr.fd ./omscmr.fd 
\openout0 = `./ucmr.fd'.

\openout1 = `./ucmss.fd'.

\openout2 = `./ucmtt.fd'.

\openout3 = `./omlcmm.fd'.

\openout4 = `./omscmsy.fd'.

\openout5 = `./omxcmex.fd'.

\openout6 = `./omlcmr.fd'.

\openout7 = `./omscmr.fd'.


Processing file cmfonts.fdd (Ucmr) -> ucmr.fd
                            (Ucmss) -> ucmss.fd
                            (Ucmtt) -> ucmtt.fd
                            (OMLcmm) -> omlcmm.fd
                            (OMScmsy) -> omscmsy.fd
                            (OMXcmex) -> omxcmex.fd
                            (OMLcmr) -> omlcmr.fd
                            (OMScmr) -> omscmr.fd
File cmfonts.fdd ended by \endinput.
Lines  processed: 1289
Comments removed: 550
Comments  passed: 0
Codelines passed: 424

) (./ec.ins
*** Generating font defs for Cork encoded and Text Companion fonts ***

Generating file(s) ./t1cmfib.fd ./t1cmfr.fd ./t1cmdh.fd ./t1cmr.fd ./t1cmss.fd 
./t1cmtt.fd ./t1cmvtt.fd ./ts1cmr.fd ./ts1cmss.fd ./ts1cmtt.fd ./ts1cmvtt.fd 
\openout0 = `./t1cmfib.fd'.

\openout1 = `./t1cmfr.fd'.

\openout2 = `./t1cmdh.fd'.

\openout3 = `./t1cmr.fd'.

\openout4 = `./t1cmss.fd'.

\openout5 = `./t1cmtt.fd'.

\openout6 = `./t1cmvtt.fd'.

\openout7 = `./ts1cmr.fd'.

\openout8 = `./ts1cmss.fd'.

\openout9 = `./ts1cmtt.fd'.

\openout10 = `./ts1cmvtt.fd'.


Processing file cmfonts.fdd (fd,T1cmfib,ec) -> t1cmfib.fd
                            (fd,T1cmfr,ec) -> t1cmfr.fd
                            (fd,T1cmdh,ec) -> t1cmdh.fd
                            (fd,T1cmr,ec) -> t1cmr.fd
                            (fd,T1cmss,ec) -> t1cmss.fd
                            (fd,T1cmtt,tt,ec,nowarn) -> t1cmtt.fd
                            (fd,T1cmvtt,tt,ec) -> t1cmvtt.fd
                            (fd,TS1cmr,ec) -> ts1cmr.fd
                            (fd,TS1cmss,ec) -> ts1cmss.fd
                            (fd,TS1cmtt,ec,tt) -> ts1cmtt.fd
                            (fd,TS1cmvtt,ec,tt) -> ts1cmvtt.fd
File cmfonts.fdd ended by \endinput.
Lines  processed: 1289
Comments removed: 550
Comments  passed: 0
Codelines passed: 424


Generating file(s) ./t1lcmss.fd ./t1lcmtt.fd 
\openout0 = `./t1lcmss.fd'.

\openout1 = `./t1lcmtt.fd'.


Processing file slifonts.fdd (lcmss,fd,ec) -> t1lcmss.fd
                             (lcmtt,fd,ec) -> t1lcmtt.fd
File slifonts.fdd ended by \endinput.
Lines  processed: 459
Comments removed: 275
Comments  passed: 0
Codelines passed: 103

) (./latex209.ins
*** Generating compatibility mode files ***

Generating file(s) ./latex209.def ./article.sty ./book.sty ./report.sty ./lette
r.sty ./slides.sty ./fleqn.sty ./leqno.sty ./openbib.sty ./bezier.sty ./t1enc.s
ty 
\openout0 = `./latex209.def'.

\openout1 = `./article.sty'.

\openout2 = `./book.sty'.

\openout3 = `./report.sty'.

\openout4 = `./letter.sty'.

\openout5 = `./slides.sty'.

\openout6 = `./fleqn.sty'.

\openout7 = `./leqno.sty'.

\openout8 = `./openbib.sty'.

\openout9 = `./bezier.sty'.

\openout10 = `./t1enc.sty'.


Processing file latex209.dtx (head) -> latex209.def
                             (article) -> article.sty
                             (book) -> book.sty
                             (report) -> report.sty
                             (letter) -> letter.sty
                             (slides) -> slides.sty
                             (fleqn) -> fleqn.sty
                             (leqno) -> leqno.sty
                             (openbib) -> openbib.sty
                             (bezier) -> bezier.sty
                             (t1enc) -> t1enc.sty
File latex209.dtx ended by \endinput.
Lines  processed: 1140
Comments removed: 782
Comments  passed: 15
Codelines passed: 315


Processing file oldlfont.dtx (latex209) -> latex209.def
File oldlfont.dtx ended by \endinput.
Lines  processed: 260
Comments removed: 186
Comments  passed: 18
Codelines passed: 45


Processing file latex209.dtx (tail) -> latex209.def
File latex209.dtx  ended by \endinput.
Lines  processed: 1140
Comments removed: 782
Comments  passed: 15
Codelines passed: 315

) (./docstrip.ins

Generating file(s) ./docstrip.tex 
\openout0 = `./docstrip.tex'.


Processing file docstrip.dtx (initex,program,stats) -> docstrip.tex
File docstrip.dtx ended by \endinput.
Lines  processed: 4349
Comments removed: 3238
Comments  passed: 25
Codelines passed: 1053


Generating file(s) ./doc.sty ./shortvrb.sty ./gind.ist ./gglo.ist 
\openout0 = `./doc.sty'.

\openout1 = `./shortvrb.sty'.

\openout2 = `./gind.ist'.

\openout3 = `./gglo.ist'.


Processing file doc.dtx (package) -> doc.sty
                        (shortvrb) -> shortvrb.sty
                        (gind) -> gind.ist
                        (gglo) -> gglo.ist
File doc.dtx ended by \endinput.
Lines  processed: 4859
Comments removed: 3991
Comments  passed: 18
Codelines passed: 782


Generating file(s) ./ltxdoc.cls 
\openout0 = `./ltxdoc.cls'.


Processing file ltxdoc.dtx (class) -> ltxdoc.cls
Lines  processed: 512
Comments removed: 324
Comments  passed: 0
Codelines passed: 181

) (./ifthen.ins

Generating file(s) ./ifthen.sty 
\openout0 = `./ifthen.sty'.


Processing file ifthen.dtx (package) -> ifthen.sty
File ifthen.dtx ended by \endinput.
Lines  processed: 520
Comments removed: 402
Comments  passed: 6
Codelines passed: 103

) (./graphpap.ins

Generating file(s) ./graphpap.sty 
\openout0 = `./graphpap.sty'.


Processing file graphpap.dtx (package) -> graphpap.sty
Lines  processed: 183
Comments removed: 114
Comments  passed: 5
Codelines passed: 57

) (./pict2e.ins

Generating file(s) ./pict2e.sty 
\openout0 = `./pict2e.sty'.


Processing file pict2e.dtx (package) -> pict2e.sty
File pict2e.dtx ended by \endinput.
Lines  processed: 61
Comments removed: 48
Comments  passed: 0
Codelines passed: 9

) (./makeindx.ins

Generating file(s) ./makeidx.sty ./showidx.sty 
\openout0 = `./makeidx.sty'.

\openout1 = `./showidx.sty'.


Processing file makeindx.dtx (makeidx) -> makeidx.sty
                             (showidx) -> showidx.sty
File makeindx.dtx ended by \endinput.
Lines  processed: 306
Comments removed: 248
Comments  passed: 0
Codelines passed: 50

) (./syntonly.ins

Generating file(s) ./syntonly.sty 
\openout0 = `./syntonly.sty'.


Processing file syntonly.dtx (package) -> syntonly.sty
File syntonly.dtx ended by \endinput.
Lines  processed: 282
Comments removed: 208
Comments  passed: 17
Codelines passed: 48

) (./exscale.ins

Generating file(s) ./exscale.sty 
\openout0 = `./exscale.sty'.


Processing file exscale.dtx (package) -> exscale.sty
File exscale.dtx ended by \endinput.
Lines  processed: 176
Comments removed: 133
Comments  passed: 3
Codelines passed: 28

) (./alltt.ins

Generating file(s) ./alltt.sty 
\openout0 = `./alltt.sty'.


Processing file alltt.dtx (package) -> alltt.sty
File alltt.dtx ended by \endinput.
Lines  processed: 206
Comments removed: 132
Comments  passed: 6
Codelines passed: 59

) (./fixltx2e.ins

Generating file(s) ./fixltx2e.sty 
\openout0 = `./fixltx2e.sty'.


Processing file fixltx2e.dtx (package) -> fixltx2e.sty
File fixltx2e.dtx ended by \endinput.
Lines  processed: 910
Comments removed: 566
Comments  passed: 15
Codelines passed: 320

)

***********************************
*
* Now run INITEX on latex.ltx
*
***********************************

Overall statistics:
Files  processed: 70
Lines  processed: 75921
Comments removed: 49938
Comments  passed: 460
Codelines passed: 22551
 )
No pages of output.
